<?xml version="1.0" encoding="UTF-8"?>
<testng-results ignored="0" total="1" passed="1" failed="0" skipped="0">
  <reporter-output>
  </reporter-output>
  <suite started-at="2025-02-13T11:27:23 IST" name="Default suite" finished-at="2025-02-13T11:27:34 IST" duration-ms="10787">
    <groups>
    </groups>
    <test started-at="2025-02-13T11:27:23 IST" name="Default test" finished-at="2025-02-13T11:27:34 IST" duration-ms="10787">
      <class name="Basicflow.launchbrowser">
        <test-method signature="browselaunch()[pri:0, instance:Basicflow.launchbrowser@9353778]" started-at="2025-02-13T11:27:23 IST" name="browselaunch" finished-at="2025-02-13T11:27:34 IST" duration-ms="10725" status="PASS">
          <reporter-output>
          </reporter-output>
        </test-method> <!-- browselaunch -->
      </class> <!-- Basicflow.launchbrowser -->
    </test> <!-- Default test -->
  </suite> <!-- Default suite -->
</testng-results>
